Using pre-set license
Built from '6000.0/staging' branch; Version is '6000.0.47f1 (2ad1ed33fd3b) revision 2806253'; Using compiler version '193933523'; Build Type 'Release'
OS: 'Windows 11  (10.0.26100) 64bit Core' Language: 'en' Physical Memory: 32542 MB
BatchMode: 1, IsHumanControllingUs: 0, StartBugReporterOnCrash: 0, Is64bit: 1, IsPro: 1

COMMAND LINE ARGUMENTS:
C:\Program Files\Unity\Hub\Editor\6000.0.47f1\Editor\Unity.exe
-adb2
-batchMode
-noUpm
-name
AssetImportWorker0
-projectPath
D:/UnityProjects/PCG_Masters
-logFile
Logs/AssetImportWorker0.log
-srvPort
55653
-job-worker-count
9
-background-job-worker-count
8
-gc-helper-count
1
Successfully changed project path to: D:/UnityProjects/PCG_Masters
D:/UnityProjects/PCG_Masters
[UnityMemory] Configuration Parameters - Can be set up in boot.config
    "memorysetup-bucket-allocator-granularity=16"
    "memorysetup-bucket-allocator-bucket-count=8"
    "memorysetup-bucket-allocator-block-size=33554432"
    "memorysetup-bucket-allocator-block-count=8"
    "memorysetup-main-allocator-block-size=16777216"
    "memorysetup-thread-allocator-block-size=16777216"
    "memorysetup-gfx-main-allocator-block-size=16777216"
    "memorysetup-gfx-thread-allocator-block-size=16777216"
    "memorysetup-cache-allocator-block-size=4194304"
    "memorysetup-typetree-allocator-block-size=2097152"
    "memorysetup-profiler-bucket-allocator-granularity=16"
    "memorysetup-profiler-bucket-allocator-bucket-count=8"
    "memorysetup-profiler-bucket-allocator-block-size=33554432"
    "memorysetup-profiler-bucket-allocator-block-count=8"
    "memorysetup-profiler-allocator-block-size=16777216"
    "memorysetup-profiler-editor-allocator-block-size=1048576"
    "memorysetup-temp-allocator-size-main=16777216"
    "memorysetup-job-temp-allocator-block-size=2097152"
    "memorysetup-job-temp-allocator-block-size-background=1048576"
    "memorysetup-job-temp-allocator-reduction-small-platforms=262144"
    "memorysetup-allocator-temp-initial-block-size-main=262144"
    "memorysetup-allocator-temp-initial-block-size-worker=262144"
    "memorysetup-temp-allocator-size-background-worker=32768"
    "memorysetup-temp-allocator-size-job-worker=262144"
    "memorysetup-temp-allocator-size-preload-manager=33554432"
    "memorysetup-temp-allocator-size-nav-mesh-worker=65536"
    "memorysetup-temp-allocator-size-audio-worker=65536"
    "memorysetup-temp-allocator-size-cloud-worker=32768"
    "memorysetup-temp-allocator-size-gi-baking-worker=262144"
    "memorysetup-temp-allocator-size-gi-baking-worker=262144"
    "memorysetup-temp-allocator-size-gi-baking-worker=262144"
    "memorysetup-temp-allocator-size-gi-baking-worker=262144"
    "memorysetup-temp-allocator-size-gi-baking-worker=262144"
    "memorysetup-temp-allocator-size-gfx=262144"
Player connection [29348]  Target information:

Player connection [29348]  * "[IP] 192.168.1.100 [Port] 0 [Flags] 2 [Guid] 2871139238 [EditorId] 2871139238 [Version] 1048832 [Id] WindowsEditor(7,DBSGamingMech) [Debug] 1 [PackageName] WindowsEditor [ProjectName] Editor" 

Player connection [29348] Host joined multi-casting on [225.0.0.222:54997]...
Player connection [29348] Host joined alternative multi-casting on [225.0.0.222:34997]...
JobSystem: Creating JobQueue using job-worker-count value 9
Input System module state changed to: Initialized.
[Physics::Module] Initialized fallback backend.
[Physics::Module] Id: 0xdecafbad
Library Redirect Path: Library/
[Physics::Module] Selected backend.
[Physics::Module] Name: PhysX
[Physics::Module] Id: 0xf2b8ea05
[Physics::Module] SDK Version: 4.1.2
[Physics::Module] Integration Version: 1.0.0
[Physics::Module] Threading Mode: Multi-Threaded
Refreshing native plugins compatible for Editor in 8.96 ms, found 4 plugins.
Preloading 0 native plugins for Editor in 0.00 ms.
Initialize engine version: 6000.0.47f1 (2ad1ed33fd3b)
[Subsystems] Discovering subsystems at path C:/Program Files/Unity/Hub/Editor/6000.0.47f1/Editor/Data/Resources/UnitySubsystems
[Subsystems] Discovering subsystems at path D:/UnityProjects/PCG_Masters/Assets
GfxDevice: creating device client; kGfxThreadingModeNonThreaded
Direct3D:
    Version:  Direct3D 11.0 [level 11.1]
    Renderer: NVIDIA GeForce RTX 4070 SUPER (ID=0x2783)
    Vendor:   NVIDIA
    VRAM:     11999 MB
    Driver:   32.0.15.7688
Initialize mono
Mono path[0] = 'C:/Program Files/Unity/Hub/Editor/6000.0.47f1/Editor/Data/Managed'
Mono path[1] = 'C:/Program Files/Unity/Hub/Editor/6000.0.47f1/Editor/Data/MonoBleedingEdge/lib/mono/unityjit-win32'
Mono config path = 'C:/Program Files/Unity/Hub/Editor/6000.0.47f1/Editor/Data/MonoBleedingEdge/etc'
Using monoOptions --debugger-agent=transport=dt_socket,embedding=1,server=y,suspend=n,address=127.0.0.1:56344
Begin MonoManager ReloadAssembly
Registering precompiled unity dll's ...
Register platform support module: C:/Program Files/Unity/Hub/Editor/6000.0.47f1/Editor/Data/PlaybackEngines/WindowsStandaloneSupport/UnityEditor.WindowsStandalone.Extensions.dll
Registered in 0.002109 seconds.
- Loaded All Assemblies, in  0.388 seconds
Native extension for WindowsStandalone target not found
Mono: successfully reloaded assembly
- Finished resetting the current domain, in  0.289 seconds
Domain Reload Profiling: 675ms
	BeginReloadAssembly (157ms)
		ExecutionOrderSort (0ms)
		DisableScriptedObjects (0ms)
		BackupInstance (0ms)
		ReleaseScriptingObjects (0ms)
		CreateAndSetChildDomain (1ms)
	RebuildCommonClasses (33ms)
	RebuildNativeTypeToScriptingClass (14ms)
	initialDomainReloadingComplete (44ms)
	LoadAllAssembliesAndSetupDomain (138ms)
		LoadAssemblies (154ms)
		RebuildTransferFunctionScriptingTraits (0ms)
		AnalyzeDomain (135ms)
			TypeCache.Refresh (133ms)
				TypeCache.ScanAssembly (122ms)
			BuildScriptInfoCaches (0ms)
			ResolveRequiredComponents (0ms)
	FinalizeReload (290ms)
		ReleaseScriptCaches (0ms)
		RebuildScriptCaches (0ms)
		SetupLoadedEditorAssemblies (251ms)
			LogAssemblyErrors (0ms)
			InitializePlatformSupportModulesInManaged (24ms)
			SetLoadedEditorAssemblies (4ms)
			BeforeProcessingInitializeOnLoad (46ms)
			ProcessInitializeOnLoadAttributes (124ms)
			ProcessInitializeOnLoadMethodAttributes (53ms)
			AfterProcessingInitializeOnLoad (0ms)
			EditorAssembliesLoaded (0ms)
		ExecutionOrderSort2 (0ms)
		AwakeInstancesAfterBackupRestoration (0ms)
========================================================================
Worker process is ready to serve import requests
Import Worker Mode flag is 0x00
Begin MonoManager ReloadAssembly
- Loaded All Assemblies, in  0.907 seconds
Refreshing native plugins compatible for Editor in 1.94 ms, found 4 plugins.
Native extension for WindowsStandalone target not found
Mono: successfully reloaded assembly
- Finished resetting the current domain, in  0.773 seconds
Domain Reload Profiling: 1677ms
	BeginReloadAssembly (150ms)
		ExecutionOrderSort (0ms)
		DisableScriptedObjects (5ms)
		BackupInstance (0ms)
		ReleaseScriptingObjects (0ms)
		CreateAndSetChildDomain (29ms)
	RebuildCommonClasses (32ms)
	RebuildNativeTypeToScriptingClass (9ms)
	initialDomainReloadingComplete (42ms)
	LoadAllAssembliesAndSetupDomain (671ms)
		LoadAssemblies (519ms)
		RebuildTransferFunctionScriptingTraits (0ms)
		AnalyzeDomain (240ms)
			TypeCache.Refresh (181ms)
				TypeCache.ScanAssembly (165ms)
			BuildScriptInfoCaches (46ms)
			ResolveRequiredComponents (10ms)
	FinalizeReload (773ms)
		ReleaseScriptCaches (0ms)
		RebuildScriptCaches (0ms)
		SetupLoadedEditorAssemblies (595ms)
			LogAssemblyErrors (0ms)
			InitializePlatformSupportModulesInManaged (2ms)
			SetLoadedEditorAssemblies (3ms)
			BeforeProcessingInitializeOnLoad (89ms)
			ProcessInitializeOnLoadAttributes (336ms)
			ProcessInitializeOnLoadMethodAttributes (159ms)
			AfterProcessingInitializeOnLoad (5ms)
			EditorAssembliesLoaded (0ms)
		ExecutionOrderSort2 (0ms)
		AwakeInstancesAfterBackupRestoration (7ms)
Launched and connected shader compiler UnityShaderCompiler.exe after 0.01 seconds
Refreshing native plugins compatible for Editor in 3.12 ms, found 4 plugins.
Preloading 0 native plugins for Editor in 0.00 ms.
Unloading 206 Unused Serialized files (Serialized files now loaded: 0)
Unloading 6598 unused Assets / (7.6 MB). Loaded Objects now: 7244.
Memory consumption went from 180.5 MB to 172.8 MB.
Total: 13.233400 ms (FindLiveObjects: 1.745700 ms CreateObjectMapping: 1.210600 ms MarkObjects: 5.878700 ms  DeleteObjects: 4.392200 ms)

========================================================================
Received Prepare
Refreshing native plugins compatible for Editor in 3.51 ms, found 4 plugins.
Preloading 0 native plugins for Editor in 0.00 ms.
Unloading 39 Unused Serialized files (Serialized files now loaded: 0)
Unloading 6585 unused Assets / (8.5 MB). Loaded Objects now: 7244.
Memory consumption went from 153.7 MB to 145.1 MB.
Total: 24.640100 ms (FindLiveObjects: 0.996000 ms CreateObjectMapping: 0.767300 ms MarkObjects: 9.600600 ms  DeleteObjects: 13.274600 ms)

Prepare: number of updated asset objects reloaded= 0
========================================================================
Received Prepare
Begin MonoManager ReloadAssembly
- Loaded All Assemblies, in  1.018 seconds
Refreshing native plugins compatible for Editor in 4.07 ms, found 4 plugins.
Native extension for WindowsStandalone target not found
Mono: successfully reloaded assembly
- Finished resetting the current domain, in  0.865 seconds
Domain Reload Profiling: 1880ms
	BeginReloadAssembly (264ms)
		ExecutionOrderSort (0ms)
		DisableScriptedObjects (18ms)
		BackupInstance (0ms)
		ReleaseScriptingObjects (0ms)
		CreateAndSetChildDomain (61ms)
	RebuildCommonClasses (47ms)
	RebuildNativeTypeToScriptingClass (17ms)
	initialDomainReloadingComplete (48ms)
	LoadAllAssembliesAndSetupDomain (639ms)
		LoadAssemblies (520ms)
		RebuildTransferFunctionScriptingTraits (0ms)
		AnalyzeDomain (258ms)
			TypeCache.Refresh (12ms)
				TypeCache.ScanAssembly (0ms)
			BuildScriptInfoCaches (226ms)
			ResolveRequiredComponents (16ms)
	FinalizeReload (865ms)
		ReleaseScriptCaches (0ms)
		RebuildScriptCaches (0ms)
		SetupLoadedEditorAssemblies (619ms)
			LogAssemblyErrors (0ms)
			InitializePlatformSupportModulesInManaged (3ms)
			SetLoadedEditorAssemblies (4ms)
			BeforeProcessingInitializeOnLoad (166ms)
			ProcessInitializeOnLoadAttributes (383ms)
			ProcessInitializeOnLoadMethodAttributes (58ms)
			AfterProcessingInitializeOnLoad (4ms)
			EditorAssembliesLoaded (0ms)
		ExecutionOrderSort2 (0ms)
		AwakeInstancesAfterBackupRestoration (14ms)
Refreshing native plugins compatible for Editor in 2.49 ms, found 4 plugins.
Preloading 0 native plugins for Editor in 0.00 ms.
Unloading 39 Unused Serialized files (Serialized files now loaded: 0)
Unloading 6596 unused Assets / (7.0 MB). Loaded Objects now: 7247.
Memory consumption went from 156.9 MB to 150.0 MB.
Total: 13.644100 ms (FindLiveObjects: 0.759000 ms CreateObjectMapping: 0.927900 ms MarkObjects: 6.074600 ms  DeleteObjects: 5.879300 ms)

Prepare: number of updated asset objects reloaded= 0
========================================================================
Received Prepare
Begin MonoManager ReloadAssembly
- Loaded All Assemblies, in  0.606 seconds
Refreshing native plugins compatible for Editor in 1.28 ms, found 4 plugins.
Native extension for WindowsStandalone target not found
Mono: successfully reloaded assembly
- Finished resetting the current domain, in  0.630 seconds
Domain Reload Profiling: 1238ms
	BeginReloadAssembly (168ms)
		ExecutionOrderSort (0ms)
		DisableScriptedObjects (11ms)
		BackupInstance (0ms)
		ReleaseScriptingObjects (0ms)
		CreateAndSetChildDomain (42ms)
	RebuildCommonClasses (29ms)
	RebuildNativeTypeToScriptingClass (10ms)
	initialDomainReloadingComplete (25ms)
	LoadAllAssembliesAndSetupDomain (375ms)
		LoadAssemblies (288ms)
		RebuildTransferFunctionScriptingTraits (0ms)
		AnalyzeDomain (165ms)
			TypeCache.Refresh (7ms)
				TypeCache.ScanAssembly (0ms)
			BuildScriptInfoCaches (146ms)
			ResolveRequiredComponents (9ms)
	FinalizeReload (631ms)
		ReleaseScriptCaches (0ms)
		RebuildScriptCaches (0ms)
		SetupLoadedEditorAssemblies (465ms)
			LogAssemblyErrors (0ms)
			InitializePlatformSupportModulesInManaged (2ms)
			SetLoadedEditorAssemblies (3ms)
			BeforeProcessingInitializeOnLoad (84ms)
			ProcessInitializeOnLoadAttributes (314ms)
			ProcessInitializeOnLoadMethodAttributes (57ms)
			AfterProcessingInitializeOnLoad (5ms)
			EditorAssembliesLoaded (0ms)
		ExecutionOrderSort2 (0ms)
		AwakeInstancesAfterBackupRestoration (13ms)
Refreshing native plugins compatible for Editor in 3.04 ms, found 4 plugins.
Preloading 0 native plugins for Editor in 0.00 ms.
Unloading 39 Unused Serialized files (Serialized files now loaded: 0)
Unloading 6596 unused Assets / (8.6 MB). Loaded Objects now: 7249.
Memory consumption went from 157.0 MB to 148.3 MB.
Total: 19.891200 ms (FindLiveObjects: 1.060500 ms CreateObjectMapping: 1.639900 ms MarkObjects: 7.722900 ms  DeleteObjects: 9.465100 ms)

Prepare: number of updated asset objects reloaded= 0
========================================================================
Received Prepare
Begin MonoManager ReloadAssembly
- Loaded All Assemblies, in  1.022 seconds
Refreshing native plugins compatible for Editor in 1.55 ms, found 4 plugins.
Native extension for WindowsStandalone target not found
Mono: successfully reloaded assembly
- Finished resetting the current domain, in  0.679 seconds
Domain Reload Profiling: 1699ms
	BeginReloadAssembly (268ms)
		ExecutionOrderSort (0ms)
		DisableScriptedObjects (20ms)
		BackupInstance (0ms)
		ReleaseScriptingObjects (1ms)
		CreateAndSetChildDomain (61ms)
	RebuildCommonClasses (48ms)
	RebuildNativeTypeToScriptingClass (17ms)
	initialDomainReloadingComplete (45ms)
	LoadAllAssembliesAndSetupDomain (641ms)
		LoadAssemblies (517ms)
		RebuildTransferFunctionScriptingTraits (0ms)
		AnalyzeDomain (256ms)
			TypeCache.Refresh (9ms)
				TypeCache.ScanAssembly (0ms)
			BuildScriptInfoCaches (228ms)
			ResolveRequiredComponents (15ms)
	FinalizeReload (680ms)
		ReleaseScriptCaches (0ms)
		RebuildScriptCaches (0ms)
		SetupLoadedEditorAssemblies (497ms)
			LogAssemblyErrors (0ms)
			InitializePlatformSupportModulesInManaged (2ms)
			SetLoadedEditorAssemblies (3ms)
			BeforeProcessingInitializeOnLoad (94ms)
			ProcessInitializeOnLoadAttributes (332ms)
			ProcessInitializeOnLoadMethodAttributes (60ms)
			AfterProcessingInitializeOnLoad (5ms)
			EditorAssembliesLoaded (0ms)
		ExecutionOrderSort2 (0ms)
		AwakeInstancesAfterBackupRestoration (14ms)
Refreshing native plugins compatible for Editor in 3.23 ms, found 4 plugins.
Preloading 0 native plugins for Editor in 0.00 ms.
Unloading 39 Unused Serialized files (Serialized files now loaded: 0)
Unloading 6596 unused Assets / (8.1 MB). Loaded Objects now: 7251.
Memory consumption went from 157.0 MB to 148.9 MB.
Total: 17.787900 ms (FindLiveObjects: 1.007900 ms CreateObjectMapping: 1.257500 ms MarkObjects: 8.605700 ms  DeleteObjects: 6.914700 ms)

Prepare: number of updated asset objects reloaded= 0
========================================================================
Received Prepare
Refreshing native plugins compatible for Editor in 3.69 ms, found 4 plugins.
Preloading 0 native plugins for Editor in 0.00 ms.
Unloading 39 Unused Serialized files (Serialized files now loaded: 0)
Unloading 6585 unused Assets / (8.0 MB). Loaded Objects now: 7251.
Memory consumption went from 157.1 MB to 149.1 MB.
Total: 14.300100 ms (FindLiveObjects: 1.210000 ms CreateObjectMapping: 1.190900 ms MarkObjects: 6.526900 ms  DeleteObjects: 5.370500 ms)

Prepare: number of updated asset objects reloaded= 0
========================================================================
Received Prepare
Begin MonoManager ReloadAssembly
- Loaded All Assemblies, in  1.050 seconds
Refreshing native plugins compatible for Editor in 3.90 ms, found 4 plugins.
Native extension for WindowsStandalone target not found
Mono: successfully reloaded assembly
- Finished resetting the current domain, in  0.974 seconds
Domain Reload Profiling: 2021ms
	BeginReloadAssembly (281ms)
		ExecutionOrderSort (0ms)
		DisableScriptedObjects (20ms)
		BackupInstance (0ms)
		ReleaseScriptingObjects (0ms)
		CreateAndSetChildDomain (60ms)
	RebuildCommonClasses (46ms)
	RebuildNativeTypeToScriptingClass (17ms)
	initialDomainReloadingComplete (45ms)
	LoadAllAssembliesAndSetupDomain (657ms)
		LoadAssemblies (524ms)
		RebuildTransferFunctionScriptingTraits (0ms)
		AnalyzeDomain (276ms)
			TypeCache.Refresh (13ms)
				TypeCache.ScanAssembly (0ms)
			BuildScriptInfoCaches (242ms)
			ResolveRequiredComponents (15ms)
	FinalizeReload (975ms)
		ReleaseScriptCaches (0ms)
		RebuildScriptCaches (0ms)
		SetupLoadedEditorAssemblies (738ms)
			LogAssemblyErrors (0ms)
			InitializePlatformSupportModulesInManaged (3ms)
			SetLoadedEditorAssemblies (4ms)
			BeforeProcessingInitializeOnLoad (150ms)
			ProcessInitializeOnLoadAttributes (491ms)
			ProcessInitializeOnLoadMethodAttributes (80ms)
			AfterProcessingInitializeOnLoad (10ms)
			EditorAssembliesLoaded (0ms)
		ExecutionOrderSort2 (0ms)
		AwakeInstancesAfterBackupRestoration (10ms)
Refreshing native plugins compatible for Editor in 2.57 ms, found 4 plugins.
Preloading 0 native plugins for Editor in 0.00 ms.
Unloading 39 Unused Serialized files (Serialized files now loaded: 0)
Unloading 6596 unused Assets / (8.8 MB). Loaded Objects now: 7253.
Memory consumption went from 157.0 MB to 148.2 MB.
Total: 20.065200 ms (FindLiveObjects: 0.780500 ms CreateObjectMapping: 0.948300 ms MarkObjects: 7.935800 ms  DeleteObjects: 10.398400 ms)

Prepare: number of updated asset objects reloaded= 0
========================================================================
Received Prepare
Begin MonoManager ReloadAssembly
- Loaded All Assemblies, in  0.594 seconds
Refreshing native plugins compatible for Editor in 1.17 ms, found 4 plugins.
Native extension for WindowsStandalone target not found
Mono: successfully reloaded assembly
- Finished resetting the current domain, in  0.606 seconds
Domain Reload Profiling: 1202ms
	BeginReloadAssembly (173ms)
		ExecutionOrderSort (0ms)
		DisableScriptedObjects (12ms)
		BackupInstance (0ms)
		ReleaseScriptingObjects (0ms)
		CreateAndSetChildDomain (40ms)
	RebuildCommonClasses (27ms)
	RebuildNativeTypeToScriptingClass (9ms)
	initialDomainReloadingComplete (27ms)
	LoadAllAssembliesAndSetupDomain (359ms)
		LoadAssemblies (288ms)
		RebuildTransferFunctionScriptingTraits (0ms)
		AnalyzeDomain (155ms)
			TypeCache.Refresh (6ms)
				TypeCache.ScanAssembly (0ms)
			BuildScriptInfoCaches (136ms)
			ResolveRequiredComponents (9ms)
	FinalizeReload (607ms)
		ReleaseScriptCaches (0ms)
		RebuildScriptCaches (0ms)
		SetupLoadedEditorAssemblies (449ms)
			LogAssemblyErrors (0ms)
			InitializePlatformSupportModulesInManaged (2ms)
			SetLoadedEditorAssemblies (3ms)
			BeforeProcessingInitializeOnLoad (89ms)
			ProcessInitializeOnLoadAttributes (291ms)
			ProcessInitializeOnLoadMethodAttributes (58ms)
			AfterProcessingInitializeOnLoad (5ms)
			EditorAssembliesLoaded (0ms)
		ExecutionOrderSort2 (0ms)
		AwakeInstancesAfterBackupRestoration (14ms)
Refreshing native plugins compatible for Editor in 1.95 ms, found 4 plugins.
Preloading 0 native plugins for Editor in 0.00 ms.
Unloading 39 Unused Serialized files (Serialized files now loaded: 0)
Unloading 6596 unused Assets / (8.2 MB). Loaded Objects now: 7255.
Memory consumption went from 156.9 MB to 148.7 MB.
Total: 19.337700 ms (FindLiveObjects: 1.007200 ms CreateObjectMapping: 1.626700 ms MarkObjects: 7.798100 ms  DeleteObjects: 8.902700 ms)

Prepare: number of updated asset objects reloaded= 0
========================================================================
Received Prepare
Begin MonoManager ReloadAssembly
- Loaded All Assemblies, in  0.597 seconds
Refreshing native plugins compatible for Editor in 1.15 ms, found 4 plugins.
Native extension for WindowsStandalone target not found
Mono: successfully reloaded assembly
- Finished resetting the current domain, in  0.653 seconds
Domain Reload Profiling: 1251ms
	BeginReloadAssembly (166ms)
		ExecutionOrderSort (0ms)
		DisableScriptedObjects (11ms)
		BackupInstance (0ms)
		ReleaseScriptingObjects (0ms)
		CreateAndSetChildDomain (38ms)
	RebuildCommonClasses (29ms)
	RebuildNativeTypeToScriptingClass (9ms)
	initialDomainReloadingComplete (25ms)
	LoadAllAssembliesAndSetupDomain (368ms)
		LoadAssemblies (292ms)
		RebuildTransferFunctionScriptingTraits (0ms)
		AnalyzeDomain (157ms)
			TypeCache.Refresh (7ms)
				TypeCache.ScanAssembly (0ms)
			BuildScriptInfoCaches (139ms)
			ResolveRequiredComponents (8ms)
	FinalizeReload (653ms)
		ReleaseScriptCaches (0ms)
		RebuildScriptCaches (0ms)
		SetupLoadedEditorAssemblies (488ms)
			LogAssemblyErrors (0ms)
			InitializePlatformSupportModulesInManaged (2ms)
			SetLoadedEditorAssemblies (3ms)
			BeforeProcessingInitializeOnLoad (84ms)
			ProcessInitializeOnLoadAttributes (338ms)
			ProcessInitializeOnLoadMethodAttributes (56ms)
			AfterProcessingInitializeOnLoad (5ms)
			EditorAssembliesLoaded (0ms)
		ExecutionOrderSort2 (0ms)
		AwakeInstancesAfterBackupRestoration (13ms)
Refreshing native plugins compatible for Editor in 2.34 ms, found 4 plugins.
Preloading 0 native plugins for Editor in 0.00 ms.
Unloading 39 Unused Serialized files (Serialized files now loaded: 0)
Unloading 6596 unused Assets / (8.1 MB). Loaded Objects now: 7257.
Memory consumption went from 157.0 MB to 148.9 MB.
Total: 17.692500 ms (FindLiveObjects: 1.227100 ms CreateObjectMapping: 1.223700 ms MarkObjects: 8.099600 ms  DeleteObjects: 7.140500 ms)

Prepare: number of updated asset objects reloaded= 0
========================================================================
Received Prepare
Begin MonoManager ReloadAssembly
- Loaded All Assemblies, in  0.575 seconds
Refreshing native plugins compatible for Editor in 1.08 ms, found 4 plugins.
Native extension for WindowsStandalone target not found
Mono: successfully reloaded assembly
- Finished resetting the current domain, in  0.643 seconds
Domain Reload Profiling: 1219ms
	BeginReloadAssembly (169ms)
		ExecutionOrderSort (0ms)
		DisableScriptedObjects (11ms)
		BackupInstance (0ms)
		ReleaseScriptingObjects (0ms)
		CreateAndSetChildDomain (40ms)
	RebuildCommonClasses (33ms)
	RebuildNativeTypeToScriptingClass (14ms)
	initialDomainReloadingComplete (22ms)
	LoadAllAssembliesAndSetupDomain (338ms)
		LoadAssemblies (269ms)
		RebuildTransferFunctionScriptingTraits (0ms)
		AnalyzeDomain (147ms)
			TypeCache.Refresh (6ms)
				TypeCache.ScanAssembly (0ms)
			BuildScriptInfoCaches (129ms)
			ResolveRequiredComponents (9ms)
	FinalizeReload (643ms)
		ReleaseScriptCaches (0ms)
		RebuildScriptCaches (0ms)
		SetupLoadedEditorAssemblies (485ms)
			LogAssemblyErrors (0ms)
			InitializePlatformSupportModulesInManaged (2ms)
			SetLoadedEditorAssemblies (3ms)
			BeforeProcessingInitializeOnLoad (86ms)
			ProcessInitializeOnLoadAttributes (330ms)
			ProcessInitializeOnLoadMethodAttributes (58ms)
			AfterProcessingInitializeOnLoad (5ms)
			EditorAssembliesLoaded (0ms)
		ExecutionOrderSort2 (0ms)
		AwakeInstancesAfterBackupRestoration (13ms)
Refreshing native plugins compatible for Editor in 3.26 ms, found 4 plugins.
Preloading 0 native plugins for Editor in 0.00 ms.
Unloading 39 Unused Serialized files (Serialized files now loaded: 0)
Unloading 6596 unused Assets / (8.4 MB). Loaded Objects now: 7259.
Memory consumption went from 157.0 MB to 148.6 MB.
Total: 21.018600 ms (FindLiveObjects: 1.336400 ms CreateObjectMapping: 1.463100 ms MarkObjects: 9.371900 ms  DeleteObjects: 8.844600 ms)

Prepare: number of updated asset objects reloaded= 0
========================================================================
Received Prepare
Begin MonoManager ReloadAssembly
- Loaded All Assemblies, in  0.596 seconds
Refreshing native plugins compatible for Editor in 1.16 ms, found 4 plugins.
Native extension for WindowsStandalone target not found
Mono: successfully reloaded assembly
- Finished resetting the current domain, in  0.597 seconds
Domain Reload Profiling: 1195ms
	BeginReloadAssembly (177ms)
		ExecutionOrderSort (0ms)
		DisableScriptedObjects (12ms)
		BackupInstance (0ms)
		ReleaseScriptingObjects (0ms)
		CreateAndSetChildDomain (44ms)
	RebuildCommonClasses (28ms)
	RebuildNativeTypeToScriptingClass (9ms)
	initialDomainReloadingComplete (23ms)
	LoadAllAssembliesAndSetupDomain (360ms)
		LoadAssemblies (279ms)
		RebuildTransferFunctionScriptingTraits (0ms)
		AnalyzeDomain (160ms)
			TypeCache.Refresh (7ms)
				TypeCache.ScanAssembly (0ms)
			BuildScriptInfoCaches (139ms)
			ResolveRequiredComponents (10ms)
	FinalizeReload (597ms)
		ReleaseScriptCaches (0ms)
		RebuildScriptCaches (0ms)
		SetupLoadedEditorAssemblies (441ms)
			LogAssemblyErrors (0ms)
			InitializePlatformSupportModulesInManaged (2ms)
			SetLoadedEditorAssemblies (3ms)
			BeforeProcessingInitializeOnLoad (83ms)
			ProcessInitializeOnLoadAttributes (294ms)
			ProcessInitializeOnLoadMethodAttributes (54ms)
			AfterProcessingInitializeOnLoad (5ms)
			EditorAssembliesLoaded (0ms)
		ExecutionOrderSort2 (0ms)
		AwakeInstancesAfterBackupRestoration (13ms)
Refreshing native plugins compatible for Editor in 2.73 ms, found 4 plugins.
Preloading 0 native plugins for Editor in 0.00 ms.
Unloading 39 Unused Serialized files (Serialized files now loaded: 0)
Unloading 6596 unused Assets / (8.0 MB). Loaded Objects now: 7261.
Memory consumption went from 157.0 MB to 149.0 MB.
Total: 15.966300 ms (FindLiveObjects: 0.816200 ms CreateObjectMapping: 0.983400 ms MarkObjects: 7.042100 ms  DeleteObjects: 7.122500 ms)

Prepare: number of updated asset objects reloaded= 0
========================================================================
Received Prepare
Begin MonoManager ReloadAssembly
- Loaded All Assemblies, in  0.622 seconds
Refreshing native plugins compatible for Editor in 1.51 ms, found 4 plugins.
Native extension for WindowsStandalone target not found
Mono: successfully reloaded assembly
- Finished resetting the current domain, in  0.608 seconds
Domain Reload Profiling: 1232ms
	BeginReloadAssembly (167ms)
		ExecutionOrderSort (0ms)
		DisableScriptedObjects (11ms)
		BackupInstance (0ms)
		ReleaseScriptingObjects (0ms)
		CreateAndSetChildDomain (38ms)
	RebuildCommonClasses (27ms)
	RebuildNativeTypeToScriptingClass (9ms)
	initialDomainReloadingComplete (23ms)
	LoadAllAssembliesAndSetupDomain (396ms)
		LoadAssemblies (296ms)
		RebuildTransferFunctionScriptingTraits (0ms)
		AnalyzeDomain (181ms)
			TypeCache.Refresh (7ms)
				TypeCache.ScanAssembly (0ms)
			BuildScriptInfoCaches (161ms)
			ResolveRequiredComponents (9ms)
	FinalizeReload (609ms)
		ReleaseScriptCaches (0ms)
		RebuildScriptCaches (0ms)
		SetupLoadedEditorAssemblies (445ms)
			LogAssemblyErrors (0ms)
			InitializePlatformSupportModulesInManaged (2ms)
			SetLoadedEditorAssemblies (3ms)
			BeforeProcessingInitializeOnLoad (83ms)
			ProcessInitializeOnLoadAttributes (300ms)
			ProcessInitializeOnLoadMethodAttributes (52ms)
			AfterProcessingInitializeOnLoad (6ms)
			EditorAssembliesLoaded (0ms)
		ExecutionOrderSort2 (0ms)
		AwakeInstancesAfterBackupRestoration (12ms)
Refreshing native plugins compatible for Editor in 3.17 ms, found 4 plugins.
Preloading 0 native plugins for Editor in 0.00 ms.
Unloading 39 Unused Serialized files (Serialized files now loaded: 0)
Unloading 6596 unused Assets / (8.2 MB). Loaded Objects now: 7263.
Memory consumption went from 157.0 MB to 148.8 MB.
Total: 14.466800 ms (FindLiveObjects: 0.711700 ms CreateObjectMapping: 1.074700 ms MarkObjects: 6.644600 ms  DeleteObjects: 6.034400 ms)

Prepare: number of updated asset objects reloaded= 0
========================================================================
Received Prepare
Begin MonoManager ReloadAssembly
- Loaded All Assemblies, in  0.581 seconds
Refreshing native plugins compatible for Editor in 1.18 ms, found 4 plugins.
Native extension for WindowsStandalone target not found
Mono: successfully reloaded assembly
- Finished resetting the current domain, in  0.609 seconds
Domain Reload Profiling: 1192ms
	BeginReloadAssembly (165ms)
		ExecutionOrderSort (0ms)
		DisableScriptedObjects (13ms)
		BackupInstance (0ms)
		ReleaseScriptingObjects (0ms)
		CreateAndSetChildDomain (38ms)
	RebuildCommonClasses (27ms)
	RebuildNativeTypeToScriptingClass (9ms)
	initialDomainReloadingComplete (23ms)
	LoadAllAssembliesAndSetupDomain (358ms)
		LoadAssemblies (282ms)
		RebuildTransferFunctionScriptingTraits (0ms)
		AnalyzeDomain (154ms)
			TypeCache.Refresh (6ms)
				TypeCache.ScanAssembly (0ms)
			BuildScriptInfoCaches (135ms)
			ResolveRequiredComponents (8ms)
	FinalizeReload (610ms)
		ReleaseScriptCaches (0ms)
		RebuildScriptCaches (0ms)
		SetupLoadedEditorAssemblies (455ms)
			LogAssemblyErrors (0ms)
			InitializePlatformSupportModulesInManaged (2ms)
			SetLoadedEditorAssemblies (3ms)
			BeforeProcessingInitializeOnLoad (85ms)
			ProcessInitializeOnLoadAttributes (300ms)
			ProcessInitializeOnLoadMethodAttributes (60ms)
			AfterProcessingInitializeOnLoad (5ms)
			EditorAssembliesLoaded (0ms)
		ExecutionOrderSort2 (0ms)
		AwakeInstancesAfterBackupRestoration (13ms)
Refreshing native plugins compatible for Editor in 3.53 ms, found 4 plugins.
Preloading 0 native plugins for Editor in 0.00 ms.
Unloading 39 Unused Serialized files (Serialized files now loaded: 0)
Unloading 6596 unused Assets / (7.7 MB). Loaded Objects now: 7265.
Memory consumption went from 156.9 MB to 149.2 MB.
Total: 15.750200 ms (FindLiveObjects: 1.373500 ms CreateObjectMapping: 1.540700 ms MarkObjects: 7.001200 ms  DeleteObjects: 5.831100 ms)

Prepare: number of updated asset objects reloaded= 0
========================================================================
Received Prepare
Refreshing native plugins compatible for Editor in 3.52 ms, found 4 plugins.
Preloading 0 native plugins for Editor in 0.00 ms.
Unloading 39 Unused Serialized files (Serialized files now loaded: 0)
Unloading 6585 unused Assets / (7.7 MB). Loaded Objects now: 7265.
Memory consumption went from 157.1 MB to 149.4 MB.
Total: 15.819000 ms (FindLiveObjects: 1.510300 ms CreateObjectMapping: 1.132000 ms MarkObjects: 8.041000 ms  DeleteObjects: 5.133700 ms)

Prepare: number of updated asset objects reloaded= 0
========================================================================
Received Prepare
Begin MonoManager ReloadAssembly
- Loaded All Assemblies, in  0.965 seconds
Refreshing native plugins compatible for Editor in 2.85 ms, found 4 plugins.
Native extension for WindowsStandalone target not found
Mono: successfully reloaded assembly
- Finished resetting the current domain, in  0.997 seconds
Domain Reload Profiling: 1962ms
	BeginReloadAssembly (245ms)
		ExecutionOrderSort (0ms)
		DisableScriptedObjects (20ms)
		BackupInstance (0ms)
		ReleaseScriptingObjects (0ms)
		CreateAndSetChildDomain (51ms)
	RebuildCommonClasses (42ms)
	RebuildNativeTypeToScriptingClass (16ms)
	initialDomainReloadingComplete (45ms)
	LoadAllAssembliesAndSetupDomain (616ms)
		LoadAssemblies (484ms)
		RebuildTransferFunctionScriptingTraits (0ms)
		AnalyzeDomain (251ms)
			TypeCache.Refresh (12ms)
				TypeCache.ScanAssembly (0ms)
			BuildScriptInfoCaches (227ms)
			ResolveRequiredComponents (8ms)
	FinalizeReload (998ms)
		ReleaseScriptCaches (0ms)
		RebuildScriptCaches (0ms)
		SetupLoadedEditorAssemblies (735ms)
			LogAssemblyErrors (0ms)
			InitializePlatformSupportModulesInManaged (3ms)
			SetLoadedEditorAssemblies (4ms)
			BeforeProcessingInitializeOnLoad (149ms)
			ProcessInitializeOnLoadAttributes (481ms)
			ProcessInitializeOnLoadMethodAttributes (86ms)
			AfterProcessingInitializeOnLoad (12ms)
			EditorAssembliesLoaded (0ms)
		ExecutionOrderSort2 (0ms)
		AwakeInstancesAfterBackupRestoration (22ms)
Refreshing native plugins compatible for Editor in 2.47 ms, found 4 plugins.
Preloading 0 native plugins for Editor in 0.00 ms.
Unloading 39 Unused Serialized files (Serialized files now loaded: 0)
Unloading 6596 unused Assets / (7.9 MB). Loaded Objects now: 7267.
Memory consumption went from 157.0 MB to 149.1 MB.
Total: 13.329800 ms (FindLiveObjects: 0.668100 ms CreateObjectMapping: 0.901300 ms MarkObjects: 6.213900 ms  DeleteObjects: 5.545000 ms)

Prepare: number of updated asset objects reloaded= 0
========================================================================
Received Prepare
Begin MonoManager ReloadAssembly
- Loaded All Assemblies, in  0.592 seconds
Refreshing native plugins compatible for Editor in 1.18 ms, found 4 plugins.
Native extension for WindowsStandalone target not found
Mono: successfully reloaded assembly
- Finished resetting the current domain, in  0.601 seconds
Domain Reload Profiling: 1195ms
	BeginReloadAssembly (167ms)
		ExecutionOrderSort (0ms)
		DisableScriptedObjects (12ms)
		BackupInstance (0ms)
		ReleaseScriptingObjects (0ms)
		CreateAndSetChildDomain (40ms)
	RebuildCommonClasses (27ms)
	RebuildNativeTypeToScriptingClass (11ms)
	initialDomainReloadingComplete (25ms)
	LoadAllAssembliesAndSetupDomain (364ms)
		LoadAssemblies (284ms)
		RebuildTransferFunctionScriptingTraits (0ms)
		AnalyzeDomain (157ms)
			TypeCache.Refresh (8ms)
				TypeCache.ScanAssembly (0ms)
			BuildScriptInfoCaches (137ms)
			ResolveRequiredComponents (9ms)
	FinalizeReload (602ms)
		ReleaseScriptCaches (0ms)
		RebuildScriptCaches (0ms)
		SetupLoadedEditorAssemblies (433ms)
			LogAssemblyErrors (0ms)
			InitializePlatformSupportModulesInManaged (2ms)
			SetLoadedEditorAssemblies (3ms)
			BeforeProcessingInitializeOnLoad (81ms)
			ProcessInitializeOnLoadAttributes (287ms)
			ProcessInitializeOnLoadMethodAttributes (54ms)
			AfterProcessingInitializeOnLoad (5ms)
			EditorAssembliesLoaded (0ms)
		ExecutionOrderSort2 (0ms)
		AwakeInstancesAfterBackupRestoration (13ms)
Refreshing native plugins compatible for Editor in 2.30 ms, found 4 plugins.
Preloading 0 native plugins for Editor in 0.00 ms.
Unloading 42 Unused Serialized files (Serialized files now loaded: 0)
Unloading 6602 unused Assets / (8.1 MB). Loaded Objects now: 7272.
Memory consumption went from 157.8 MB to 149.7 MB.
Total: 18.182400 ms (FindLiveObjects: 0.938900 ms CreateObjectMapping: 1.337300 ms MarkObjects: 7.448100 ms  DeleteObjects: 8.455800 ms)

Prepare: number of updated asset objects reloaded= 0
========================================================================
Received Import Request.
  Time since last request: 40465.055367 seconds.
  path: Assets/Platformer Tileset
  artifactKey: Guid(3f3f2872911e28747bb24a71a831df56) Importer(815301076,1909f56bfc062723c751e8b465ee728b)
Start importing Assets/Platformer Tileset using Guid(3f3f2872911e28747bb24a71a831df56) Importer(815301076,1909f56bfc062723c751e8b465ee728b) (PreviewImporter) -> (artifact id: '9868dad52c0e9b5b3d86dd17ea1d3fdc') in 0.0560347 seconds
Number of updated asset objects reloaded before import = 0Number of asset objects unloaded after import = 0

========================================================================
Received Import Request.
  Time since last request: 1.930711 seconds.
  path: Assets/Platformer Tileset/Tilesets
  artifactKey: Guid(b89e93412f43dba44b378effd4268919) Importer(815301076,1909f56bfc062723c751e8b465ee728b)
Start importing Assets/Platformer Tileset/Tilesets using Guid(b89e93412f43dba44b378effd4268919) Importer(815301076,1909f56bfc062723c751e8b465ee728b) (PreviewImporter) -> (artifact id: '166ca713dfa7a7e0fbacdda1caa90b3d') in 0.0005814 seconds
Number of updated asset objects reloaded before import = 0Number of asset objects unloaded after import = 0

========================================================================
Received Import Request.
  Time since last request: 0.856416 seconds.
  path: Assets/Platformer Tileset/Tilesets/Level_1
  artifactKey: Guid(c210d32d81e330740a79bcc9bfc4b37d) Importer(815301076,1909f56bfc062723c751e8b465ee728b)
Start importing Assets/Platformer Tileset/Tilesets/Level_1 using Guid(c210d32d81e330740a79bcc9bfc4b37d) Importer(815301076,1909f56bfc062723c751e8b465ee728b) (PreviewImporter) -> (artifact id: '62079dec3ae1069098b48fcfa2ae3cd9') in 0.0005097 seconds
Number of updated asset objects reloaded before import = 0Number of asset objects unloaded after import = 0

========================================================================
Received Import Request.
  Time since last request: 0.052070 seconds.
  path: Assets/Platformer Tileset/Tilesets/Level_1/Level_1_256x256.png
  artifactKey: Guid(ce30cf1a5810f554683780c6723eb003) Importer(815301076,1909f56bfc062723c751e8b465ee728b)
Start importing Assets/Platformer Tileset/Tilesets/Level_1/Level_1_256x256.png using Guid(ce30cf1a5810f554683780c6723eb003) Importer(815301076,1909f56bfc062723c751e8b465ee728b) (PreviewImporter) -> (artifact id: 'eee4589a92fcf5e0129105ee4f50b94e') in 0.1848971 seconds
Number of updated asset objects reloaded before import = 0Number of asset objects unloaded after import = 41

========================================================================
Received Import Request.
  Time since last request: 0.959574 seconds.
  path: Assets/Platformer Tileset/Tilesets/Level_1/Tiles
  artifactKey: Guid(dd8f32de56c859f419fb74571b682ec3) Importer(815301076,1909f56bfc062723c751e8b465ee728b)
Start importing Assets/Platformer Tileset/Tilesets/Level_1/Tiles using Guid(dd8f32de56c859f419fb74571b682ec3) Importer(815301076,1909f56bfc062723c751e8b465ee728b) (PreviewImporter) -> (artifact id: '8714a974d667d9cdd1bf886ee95b3fdc') in 0.0007908 seconds
Number of updated asset objects reloaded before import = 0Number of asset objects unloaded after import = 0

========================================================================
Received Import Request.
  Time since last request: 0.036564 seconds.
  path: Assets/Platformer Tileset/Tilesets/Level_1/Tiles/Level_1_256x256_0.asset
  artifactKey: Guid(da18dc3e65162954790e443c376511b1) Importer(815301076,1909f56bfc062723c751e8b465ee728b)
Start importing Assets/Platformer Tileset/Tilesets/Level_1/Tiles/Level_1_256x256_0.asset using Guid(da18dc3e65162954790e443c376511b1) Importer(815301076,1909f56bfc062723c751e8b465ee728b) (PreviewImporter) -> (artifact id: '333cb9f351b08551581a15684fcb10d3') in 0.0637095 seconds
Number of updated asset objects reloaded before import = 0Number of asset objects unloaded after import = 3

========================================================================
Received Import Request.
  Time since last request: 0.000055 seconds.
  path: Assets/Platformer Tileset/Tilesets/Level_1/Tiles/Level_1_256x256_35.asset
  artifactKey: Guid(bfe122e0298e8e84abba0d698340d1fc) Importer(815301076,1909f56bfc062723c751e8b465ee728b)
Start importing Assets/Platformer Tileset/Tilesets/Level_1/Tiles/Level_1_256x256_35.asset using Guid(bfe122e0298e8e84abba0d698340d1fc) Importer(815301076,1909f56bfc062723c751e8b465ee728b) (PreviewImporter) -> (artifact id: '08a7f1bb18dfde140c29efc2b85d778c') in 0.0376752 seconds
Number of updated asset objects reloaded before import = 0Number of asset objects unloaded after import = 3

========================================================================
Received Import Request.
  Time since last request: 0.000025 seconds.
  path: Assets/Platformer Tileset/Tilesets/Level_1/Tiles/Level_1_256x256_16.asset
  artifactKey: Guid(a5208b90b4b1a7c4f95c79bd01148562) Importer(815301076,1909f56bfc062723c751e8b465ee728b)
Start importing Assets/Platformer Tileset/Tilesets/Level_1/Tiles/Level_1_256x256_16.asset using Guid(a5208b90b4b1a7c4f95c79bd01148562) Importer(815301076,1909f56bfc062723c751e8b465ee728b) (PreviewImporter) -> (artifact id: '25612bb13cce75f56a5f1ff40cf81352') in 0.0276875 seconds
Number of updated asset objects reloaded before import = 0Number of asset objects unloaded after import = 3

========================================================================
Received Import Request.
  Time since last request: 0.000019 seconds.
  path: Assets/Platformer Tileset/Tilesets/Level_1/Tiles/Level_1_256x256_5.asset
  artifactKey: Guid(b87dc3e742ed5f444b1704e89fd299ee) Importer(815301076,1909f56bfc062723c751e8b465ee728b)
Start importing Assets/Platformer Tileset/Tilesets/Level_1/Tiles/Level_1_256x256_5.asset using Guid(b87dc3e742ed5f444b1704e89fd299ee) Importer(815301076,1909f56bfc062723c751e8b465ee728b) (PreviewImporter) -> (artifact id: 'dd59278eec3b7f684a6a368eb51d885a') in 0.023278 seconds
Number of updated asset objects reloaded before import = 0Number of asset objects unloaded after import = 3

========================================================================
Received Import Request.
  Time since last request: 0.000029 seconds.
  path: Assets/Platformer Tileset/Tilesets/Level_1/Tiles/Level_1_256x256_31.asset
  artifactKey: Guid(423372af3116f474baa4b9ba2e3a6ab8) Importer(815301076,1909f56bfc062723c751e8b465ee728b)
Start importing Assets/Platformer Tileset/Tilesets/Level_1/Tiles/Level_1_256x256_31.asset using Guid(423372af3116f474baa4b9ba2e3a6ab8) Importer(815301076,1909f56bfc062723c751e8b465ee728b) (PreviewImporter) -> (artifact id: '5ec174ae8786c510b819f78109073593') in 0.0281628 seconds
Number of updated asset objects reloaded before import = 0Number of asset objects unloaded after import = 3

========================================================================
Received Import Request.
  Time since last request: 0.000029 seconds.
  path: Assets/Platformer Tileset/Tilesets/Level_1/Tiles/Level_1_256x256_27.asset
  artifactKey: Guid(fb2b67bcee95d5440b93f99b99fa6eb2) Importer(815301076,1909f56bfc062723c751e8b465ee728b)
Start importing Assets/Platformer Tileset/Tilesets/Level_1/Tiles/Level_1_256x256_27.asset using Guid(fb2b67bcee95d5440b93f99b99fa6eb2) Importer(815301076,1909f56bfc062723c751e8b465ee728b) (PreviewImporter) -> (artifact id: '6484891c8f38a74c7a3b8318199ce8b8') in 0.0242268 seconds
Number of updated asset objects reloaded before import = 0Number of asset objects unloaded after import = 3

========================================================================
Received Import Request.
  Time since last request: 0.000029 seconds.
  path: Assets/Platformer Tileset/Tilesets/Level_1/Tiles/Level_1_256x256_26.asset
  artifactKey: Guid(4df11991c0e15e746a1dcb5c222e43ea) Importer(815301076,1909f56bfc062723c751e8b465ee728b)
Start importing Assets/Platformer Tileset/Tilesets/Level_1/Tiles/Level_1_256x256_26.asset using Guid(4df11991c0e15e746a1dcb5c222e43ea) Importer(815301076,1909f56bfc062723c751e8b465ee728b) (PreviewImporter) -> (artifact id: '0dbdb32e99f1df0b3c11a95f0c840125') in 0.0198011 seconds
Number of updated asset objects reloaded before import = 0Number of asset objects unloaded after import = 3

========================================================================
Received Import Request.
  Time since last request: 0.000036 seconds.
  path: Assets/Platformer Tileset/Tilesets/Level_1/Tiles/Level_1_256x256_32.asset
  artifactKey: Guid(e88ab829a7f18024287cc09b26db6067) Importer(815301076,1909f56bfc062723c751e8b465ee728b)
Start importing Assets/Platformer Tileset/Tilesets/Level_1/Tiles/Level_1_256x256_32.asset using Guid(e88ab829a7f18024287cc09b26db6067) Importer(815301076,1909f56bfc062723c751e8b465ee728b) (PreviewImporter) -> (artifact id: '309c84e3883f71be08b8078daf0ec237') in 0.0238931 seconds
Number of updated asset objects reloaded before import = 0Number of asset objects unloaded after import = 3

========================================================================
Received Import Request.
  Time since last request: 0.000033 seconds.
  path: Assets/Platformer Tileset/Tilesets/Level_1/Tiles/Level_1_256x256_10.asset
  artifactKey: Guid(a9b84bfbc6cf3b8478cf94286ef5a145) Importer(815301076,1909f56bfc062723c751e8b465ee728b)
Start importing Assets/Platformer Tileset/Tilesets/Level_1/Tiles/Level_1_256x256_10.asset using Guid(a9b84bfbc6cf3b8478cf94286ef5a145) Importer(815301076,1909f56bfc062723c751e8b465ee728b) (PreviewImporter) -> (artifact id: 'c00a48aadf3f3f2c197ebcc29980589f') in 0.0239913 seconds
Number of updated asset objects reloaded before import = 0Number of asset objects unloaded after import = 3

========================================================================
Received Import Request.
  Time since last request: 0.000024 seconds.
  path: Assets/Platformer Tileset/Tilesets/Level_1/Tiles/Level_1_256x256_4.asset
  artifactKey: Guid(c30874ea587ba584d9047fe7212945a8) Importer(815301076,1909f56bfc062723c751e8b465ee728b)
Start importing Assets/Platformer Tileset/Tilesets/Level_1/Tiles/Level_1_256x256_4.asset using Guid(c30874ea587ba584d9047fe7212945a8) Importer(815301076,1909f56bfc062723c751e8b465ee728b) (PreviewImporter) -> (artifact id: 'c163d91e1843b5d596042757e717bdc5') in 0.0245011 seconds
Number of updated asset objects reloaded before import = 0Number of asset objects unloaded after import = 3

========================================================================
Received Import Request.
  Time since last request: 0.000029 seconds.
  path: Assets/Platformer Tileset/Tilesets/Level_1/Tiles/Level_1_256x256_6.asset
  artifactKey: Guid(cbab0d41d33259e49af2031128c9cb91) Importer(815301076,1909f56bfc062723c751e8b465ee728b)
Start importing Assets/Platformer Tileset/Tilesets/Level_1/Tiles/Level_1_256x256_6.asset using Guid(cbab0d41d33259e49af2031128c9cb91) Importer(815301076,1909f56bfc062723c751e8b465ee728b) (PreviewImporter) -> (artifact id: '54707ca98275a25ffe4de4116b79c83f') in 0.0278232 seconds
Number of updated asset objects reloaded before import = 0Number of asset objects unloaded after import = 3

========================================================================
Received Import Request.
  Time since last request: 0.000032 seconds.
  path: Assets/Platformer Tileset/Tilesets/Level_1/Tiles/Level_1_256x256_36.asset
  artifactKey: Guid(16252f3ce936c2a41948d68605958d84) Importer(815301076,1909f56bfc062723c751e8b465ee728b)
Start importing Assets/Platformer Tileset/Tilesets/Level_1/Tiles/Level_1_256x256_36.asset using Guid(16252f3ce936c2a41948d68605958d84) Importer(815301076,1909f56bfc062723c751e8b465ee728b) (PreviewImporter) -> (artifact id: 'a3a773608e4e41fa1f80384df3602881') in 0.0257267 seconds
Number of updated asset objects reloaded before import = 0Number of asset objects unloaded after import = 3

========================================================================
Received Import Request.
  Time since last request: 0.000020 seconds.
  path: Assets/Platformer Tileset/Tilesets/Level_1/Tiles/Level_1_256x256_20.asset
  artifactKey: Guid(d1efc7b6c51b19d42a1bae6a3f6e2225) Importer(815301076,1909f56bfc062723c751e8b465ee728b)
Start importing Assets/Platformer Tileset/Tilesets/Level_1/Tiles/Level_1_256x256_20.asset using Guid(d1efc7b6c51b19d42a1bae6a3f6e2225) Importer(815301076,1909f56bfc062723c751e8b465ee728b) (PreviewImporter) -> (artifact id: 'b03b16adda2b15c054798ad30b5cc294') in 0.0290716 seconds
Number of updated asset objects reloaded before import = 0Number of asset objects unloaded after import = 3

========================================================================
Received Import Request.
  Time since last request: 0.000080 seconds.
  path: Assets/Platformer Tileset/Tilesets/Level_1/Tiles/Level_1_256x256_33.asset
  artifactKey: Guid(80cc8efb675cae64bb6f1ca65edc57d3) Importer(815301076,1909f56bfc062723c751e8b465ee728b)
Start importing Assets/Platformer Tileset/Tilesets/Level_1/Tiles/Level_1_256x256_33.asset using Guid(80cc8efb675cae64bb6f1ca65edc57d3) Importer(815301076,1909f56bfc062723c751e8b465ee728b) (PreviewImporter) -> (artifact id: 'b42303db0d3bca07d5e3da39a626d2c0') in 0.0219445 seconds
Number of updated asset objects reloaded before import = 0Number of asset objects unloaded after import = 3

========================================================================
Received Import Request.
  Time since last request: 0.000021 seconds.
  path: Assets/Platformer Tileset/Tilesets/Level_1/Tiles/Level_1_256x256_13.asset
  artifactKey: Guid(108cd77ba1c498745b4d4874bdf63db1) Importer(815301076,1909f56bfc062723c751e8b465ee728b)
Start importing Assets/Platformer Tileset/Tilesets/Level_1/Tiles/Level_1_256x256_13.asset using Guid(108cd77ba1c498745b4d4874bdf63db1) Importer(815301076,1909f56bfc062723c751e8b465ee728b) (PreviewImporter) -> (artifact id: '7e3fa8b156fb11837fb19578b1d23815') in 0.032937 seconds
Number of updated asset objects reloaded before import = 0Number of asset objects unloaded after import = 3

========================================================================
Received Import Request.
  Time since last request: 0.000026 seconds.
  path: Assets/Platformer Tileset/Tilesets/Level_1/Tiles/Level_1_256x256_37.asset
  artifactKey: Guid(2d1f87b575731a346b0c5c9ea7e963bd) Importer(815301076,1909f56bfc062723c751e8b465ee728b)
Start importing Assets/Platformer Tileset/Tilesets/Level_1/Tiles/Level_1_256x256_37.asset using Guid(2d1f87b575731a346b0c5c9ea7e963bd) Importer(815301076,1909f56bfc062723c751e8b465ee728b) (PreviewImporter) -> (artifact id: '7cded3c6cf132c7eb347e1bfceec5ccc') in 0.0247437 seconds
Number of updated asset objects reloaded before import = 0Number of asset objects unloaded after import = 3

========================================================================
Received Import Request.
  Time since last request: 0.000026 seconds.
  path: Assets/Platformer Tileset/Tilesets/Level_1/Tiles/Level_1_256x256_19.asset
  artifactKey: Guid(7ae76633fd88d354dbd461c5d0ee02de) Importer(815301076,1909f56bfc062723c751e8b465ee728b)
Start importing Assets/Platformer Tileset/Tilesets/Level_1/Tiles/Level_1_256x256_19.asset using Guid(7ae76633fd88d354dbd461c5d0ee02de) Importer(815301076,1909f56bfc062723c751e8b465ee728b) (PreviewImporter) -> (artifact id: '37ed18ec4b74a525334fbde4953a1997') in 0.0260869 seconds
Number of updated asset objects reloaded before import = 0Number of asset objects unloaded after import = 3

========================================================================
Received Import Request.
  Time since last request: 0.000028 seconds.
  path: Assets/Platformer Tileset/Tilesets/Level_1/Tiles/Level_1_256x256_38.asset
  artifactKey: Guid(b816095c05fc1c94fba85ca550d8257a) Importer(815301076,1909f56bfc062723c751e8b465ee728b)
Start importing Assets/Platformer Tileset/Tilesets/Level_1/Tiles/Level_1_256x256_38.asset using Guid(b816095c05fc1c94fba85ca550d8257a) Importer(815301076,1909f56bfc062723c751e8b465ee728b) (PreviewImporter) -> (artifact id: 'eb00774cc4f81b9bba38391fe8d7d175') in 0.0259901 seconds
Number of updated asset objects reloaded before import = 0Number of asset objects unloaded after import = 3

========================================================================
Received Import Request.
  Time since last request: 0.000031 seconds.
  path: Assets/Platformer Tileset/Tilesets/Level_1/Tiles/Level_1_256x256_24.asset
  artifactKey: Guid(a6a044adf3f280942bdd0913310d5909) Importer(815301076,1909f56bfc062723c751e8b465ee728b)
Start importing Assets/Platformer Tileset/Tilesets/Level_1/Tiles/Level_1_256x256_24.asset using Guid(a6a044adf3f280942bdd0913310d5909) Importer(815301076,1909f56bfc062723c751e8b465ee728b) (PreviewImporter) -> (artifact id: '395c2e8b42b22997ddcf7c836be0812a') in 0.0283719 seconds
Number of updated asset objects reloaded before import = 0Number of asset objects unloaded after import = 3

========================================================================
Received Import Request.
  Time since last request: 29.322102 seconds.
  path: Assets/Platformer Tileset/Props/Signs/Signs_50.png
  artifactKey: Guid(b94d9a3ab42094a4cb7eaffa45b714e4) Importer(815301076,1909f56bfc062723c751e8b465ee728b)
Start importing Assets/Platformer Tileset/Props/Signs/Signs_50.png using Guid(b94d9a3ab42094a4cb7eaffa45b714e4) Importer(815301076,1909f56bfc062723c751e8b465ee728b) (PreviewImporter) -> (artifact id: 'c0748fc1e2b5e440afc6534f6f29eb99') in 0.018639 seconds
Number of updated asset objects reloaded before import = 0Number of asset objects unloaded after import = 3

========================================================================
Received Import Request.
  Time since last request: 0.000015 seconds.
  path: Assets/Platformer Tileset/Props/Rocks/Rocks_06.png
  artifactKey: Guid(093f9936a9c28bc4187d18d8863a05d2) Importer(815301076,1909f56bfc062723c751e8b465ee728b)
Start importing Assets/Platformer Tileset/Props/Rocks/Rocks_06.png using Guid(093f9936a9c28bc4187d18d8863a05d2) Importer(815301076,1909f56bfc062723c751e8b465ee728b) (PreviewImporter) -> (artifact id: 'ee118eb16e5ed74d130fa1ea6375a359') in 0.0203652 seconds
Number of updated asset objects reloaded before import = 0Number of asset objects unloaded after import = 3

========================================================================
Received Import Request.
  Time since last request: 0.000023 seconds.
  path: Assets/Platformer Tileset/Props/Projectiles/Projectiles_13.png
  artifactKey: Guid(8312e8990a1819243962984360d4f87f) Importer(815301076,1909f56bfc062723c751e8b465ee728b)
Start importing Assets/Platformer Tileset/Props/Projectiles/Projectiles_13.png using Guid(8312e8990a1819243962984360d4f87f) Importer(815301076,1909f56bfc062723c751e8b465ee728b) (PreviewImporter) -> (artifact id: '1ff254e5f02c8f53943712adaf2ce222') in 0.0185865 seconds
Number of updated asset objects reloaded before import = 0Number of asset objects unloaded after import = 3

========================================================================
Received Import Request.
  Time since last request: 0.000015 seconds.
  path: Assets/Platformer Tileset/Props/PowerUps/PowerUps_03.png
  artifactKey: Guid(cd884378983d33241bc8b532c38e0659) Importer(815301076,1909f56bfc062723c751e8b465ee728b)
Start importing Assets/Platformer Tileset/Props/PowerUps/PowerUps_03.png using Guid(cd884378983d33241bc8b532c38e0659) Importer(815301076,1909f56bfc062723c751e8b465ee728b) (PreviewImporter) -> (artifact id: 'faa712debebb530ca27242c2f088eba9') in 0.0206843 seconds
Number of updated asset objects reloaded before import = 0Number of asset objects unloaded after import = 3

========================================================================
Received Import Request.
  Time since last request: 1.428685 seconds.
  path: Assets/Platformer Tileset/Props/Hazards/Hazards_12.png
  artifactKey: Guid(5b21d60a7f4b09d4698b10ef1cca6870) Importer(815301076,1909f56bfc062723c751e8b465ee728b)
Start importing Assets/Platformer Tileset/Props/Hazards/Hazards_12.png using Guid(5b21d60a7f4b09d4698b10ef1cca6870) Importer(815301076,1909f56bfc062723c751e8b465ee728b) (PreviewImporter) -> (artifact id: 'd75f7199c4a8b3793172fc0e554de7bd') in 0.0370166 seconds
Number of updated asset objects reloaded before import = 0Number of asset objects unloaded after import = 3

========================================================================
Received Import Request.
  Time since last request: 0.000012 seconds.
  path: Assets/Platformer Tileset/Props/Flora/Flora2_39.png
  artifactKey: Guid(097cb7723c852444fabc9f2b7b4c5728) Importer(815301076,1909f56bfc062723c751e8b465ee728b)
Start importing Assets/Platformer Tileset/Props/Flora/Flora2_39.png using Guid(097cb7723c852444fabc9f2b7b4c5728) Importer(815301076,1909f56bfc062723c751e8b465ee728b) (PreviewImporter) -> (artifact id: 'e75684fb3d08e20f3bebf03b347ab1f3') in 0.0573098 seconds
Number of updated asset objects reloaded before import = 0Number of asset objects unloaded after import = 3

========================================================================
Received Import Request.
  Time since last request: 0.000017 seconds.
  path: Assets/Platformer Tileset/Props/Flora/Flora2_43.png
  artifactKey: Guid(8328ee06808583c40a92ea03af53f9cd) Importer(815301076,1909f56bfc062723c751e8b465ee728b)
Start importing Assets/Platformer Tileset/Props/Flora/Flora2_43.png using Guid(8328ee06808583c40a92ea03af53f9cd) Importer(815301076,1909f56bfc062723c751e8b465ee728b) (PreviewImporter) -> (artifact id: 'b2cf2c09a0571229e8c1a63cc0443210') in 0.0207052 seconds
Number of updated asset objects reloaded before import = 0Number of asset objects unloaded after import = 3

========================================================================
Received Import Request.
  Time since last request: 0.216372 seconds.
  path: Assets/Platformer Tileset/Props/Crates/Crates_02.png
  artifactKey: Guid(e4c2b250f3c4e5f47b20c0107c5c16c0) Importer(815301076,1909f56bfc062723c751e8b465ee728b)
Start importing Assets/Platformer Tileset/Props/Crates/Crates_02.png using Guid(e4c2b250f3c4e5f47b20c0107c5c16c0) Importer(815301076,1909f56bfc062723c751e8b465ee728b) (PreviewImporter) -> (artifact id: '74b0dd7a64a4f118325f7964f7b6daeb') in 0.0217033 seconds
Number of updated asset objects reloaded before import = 0Number of asset objects unloaded after import = 3

========================================================================
Received Import Request.
  Time since last request: 0.015242 seconds.
  path: Assets/Platformer Tileset/Props/Collectibles/Collectibles_60.png
  artifactKey: Guid(d43e3e26180a5fc4d810e29725da0a49) Importer(815301076,1909f56bfc062723c751e8b465ee728b)
Start importing Assets/Platformer Tileset/Props/Collectibles/Collectibles_60.png using Guid(d43e3e26180a5fc4d810e29725da0a49) Importer(815301076,1909f56bfc062723c751e8b465ee728b) (PreviewImporter) -> (artifact id: '9e224df664f05cd4bd9e7820d28ff955') in 0.0170123 seconds
Number of updated asset objects reloaded before import = 0Number of asset objects unloaded after import = 3

========================================================================
Received Import Request.
  Time since last request: 0.014534 seconds.
  path: Assets/Platformer Tileset/Props/Collectibles/Collectibles_42.png
  artifactKey: Guid(926d889bdbe75944cb589a9a2f891fa1) Importer(815301076,1909f56bfc062723c751e8b465ee728b)
Start importing Assets/Platformer Tileset/Props/Collectibles/Collectibles_42.png using Guid(926d889bdbe75944cb589a9a2f891fa1) Importer(815301076,1909f56bfc062723c751e8b465ee728b) (PreviewImporter) -> (artifact id: '18ad68c0957edd6487cef605e17d0c86') in 0.0166843 seconds
Number of updated asset objects reloaded before import = 0Number of asset objects unloaded after import = 3

========================================================================
Received Import Request.
  Time since last request: 0.005879 seconds.
  path: Assets/Platformer Tileset/Props/Clouds/Clouds_19.png
  artifactKey: Guid(514806be67098d44c9edbd413abacf6c) Importer(815301076,1909f56bfc062723c751e8b465ee728b)
Start importing Assets/Platformer Tileset/Props/Clouds/Clouds_19.png using Guid(514806be67098d44c9edbd413abacf6c) Importer(815301076,1909f56bfc062723c751e8b465ee728b) (PreviewImporter) -> (artifact id: '2d801fb00aca7e0a805e32b4381e7ee5') in 0.022 seconds
Number of updated asset objects reloaded before import = 0Number of asset objects unloaded after import = 3

========================================================================
Received Import Request.
  Time since last request: 0.000511 seconds.
  path: Assets/Platformer Tileset/Props/Actionables/Actionables_25.png
  artifactKey: Guid(ef961f9acbc392749a9b361deb9a90d7) Importer(815301076,1909f56bfc062723c751e8b465ee728b)
Start importing Assets/Platformer Tileset/Props/Actionables/Actionables_25.png using Guid(ef961f9acbc392749a9b361deb9a90d7) Importer(815301076,1909f56bfc062723c751e8b465ee728b) (PreviewImporter) -> (artifact id: 'a605b07716d86059b99958b7351f0730') in 0.0205707 seconds
Number of updated asset objects reloaded before import = 0Number of asset objects unloaded after import = 3

========================================================================
Received Prepare
Begin MonoManager ReloadAssembly
- Loaded All Assemblies, in  0.613 seconds
Refreshing native plugins compatible for Editor in 1.20 ms, found 4 plugins.
Native extension for WindowsStandalone target not found
Mono: successfully reloaded assembly
- Finished resetting the current domain, in  0.632 seconds
Domain Reload Profiling: 1247ms
	BeginReloadAssembly (177ms)
		ExecutionOrderSort (0ms)
		DisableScriptedObjects (12ms)
		BackupInstance (0ms)
		ReleaseScriptingObjects (0ms)
		CreateAndSetChildDomain (48ms)
	RebuildCommonClasses (29ms)
	RebuildNativeTypeToScriptingClass (9ms)
	initialDomainReloadingComplete (24ms)
	LoadAllAssembliesAndSetupDomain (375ms)
		LoadAssemblies (290ms)
		RebuildTransferFunctionScriptingTraits (0ms)
		AnalyzeDomain (165ms)
			TypeCache.Refresh (6ms)
				TypeCache.ScanAssembly (0ms)
			BuildScriptInfoCaches (145ms)
			ResolveRequiredComponents (10ms)
	FinalizeReload (633ms)
		ReleaseScriptCaches (0ms)
		RebuildScriptCaches (0ms)
		SetupLoadedEditorAssemblies (465ms)
			LogAssemblyErrors (0ms)
			InitializePlatformSupportModulesInManaged (2ms)
			SetLoadedEditorAssemblies (3ms)
			BeforeProcessingInitializeOnLoad (88ms)
			ProcessInitializeOnLoadAttributes (310ms)
			ProcessInitializeOnLoadMethodAttributes (58ms)
			AfterProcessingInitializeOnLoad (4ms)
			EditorAssembliesLoaded (0ms)
		ExecutionOrderSort2 (0ms)
		AwakeInstancesAfterBackupRestoration (11ms)
Refreshing native plugins compatible for Editor in 2.24 ms, found 4 plugins.
Preloading 0 native plugins for Editor in 0.00 ms.
Unloading 42 Unused Serialized files (Serialized files now loaded: 0)
Unloading 6602 unused Assets / (8.3 MB). Loaded Objects now: 7309.
Memory consumption went from 163.0 MB to 154.7 MB.
Total: 16.869200 ms (FindLiveObjects: 1.046100 ms CreateObjectMapping: 1.100200 ms MarkObjects: 7.742000 ms  DeleteObjects: 6.979100 ms)

Prepare: number of updated asset objects reloaded= 0
Editor requested this worker to shutdown with reason: Scaling down because of idle timeout
AssetImportWorker is now disconnected from the server
Process exiting
Exiting without the bug reporter. Application will terminate with return code 0